Lab/Lab3/app/build/intermediates/manifest_merge_blame_file/debug/manifest-merger-blame-debug-report.txt
1<?xml version="1.0" encoding="utf-8"?>
2<manifest xmlns:android="http://schemas.android.com/apk/res/android"
3    package="it.polito.mad.group08.carpooling"
4    android:versionCode="1"
5    android:versionName="1.0" >
6
7    <uses-sdk
8        android:minSdkVersion="16"
8-->src\main\AndroidManifest.xml
9        android:targetSdkVersion="30" />
9-->src\main\AndroidManifest.xml
10
11    <uses-feature
11-->src\main\AndroidManifest.xml:6:5-8:36
12        android:name="android.hardware.camera"
12-->src\main\AndroidManifest.xml:7:9-47
13        android:required="false" />
13-->src\main\AndroidManifest.xml:8:9-33
14
15    <uses-permission
15-->src\main\AndroidManifest.xml:10:5-13:40
16        android:name="android.permission.WRITE_EXTERNAL_STORAGE"
16-->src\main\AndroidManifest.xml:11:9-65
17        android:maxSdkVersion="18" />
17-->src\main\AndroidManifest.xml:12:9-35
18
19    <queries>
19-->src\main\AndroidManifest.xml:15:5-19:15
20        <intent>
20-->src\main\AndroidManifest.xml:16:9-18:18
21            <action android:name="android.media.action.IMAGE_CAPTURE" />
21-->src\main\AndroidManifest.xml:17:13-73
21-->src\main\AndroidManifest.xml:17:21-70
22        </intent>
23    </queries>
24
25    <application
25-->src\main\AndroidManifest.xml:21:5-45:19
26        android:allowBackup="true"
26-->src\main\AndroidManifest.xml:23:9-35
27        android:appComponentFactory="androidx.core.app.CoreComponentFactory"
27-->[androidx.core:core:1.3.2] AndroidManifest.xml:24:18-86
28        android:debuggable="true"
29        android:hardwareAccelerated="true"
29-->src\main\AndroidManifest.xml:22:9-43
30        android:icon="@mipmap/ic_launcher"
30-->src\main\AndroidManifest.xml:24:9-43
31        android:label="@string/app_name"
31-->src\main\AndroidManifest.xml:25:9-41
32        android:roundIcon="@mipmap/ic_launcher_round"
32-->src\main\AndroidManifest.xml:26:9-54
33        android:supportsRtl="true"
33-->src\main\AndroidManifest.xml:27:9-35
34        android:testOnly="true"
35        android:theme="@style/Theme.CarPooling" >
35-->src\main\AndroidManifest.xml:28:9-48
36        <activity android:name="it.polito.mad.group08.carpooling.MainActivity" >
36-->src\main\AndroidManifest.xml:29:9-35:20
36-->src\main\AndroidManifest.xml:29:19-47
37            <intent-filter>
37-->src\main\AndroidManifest.xml:30:13-34:29
38                <action android:name="android.intent.action.MAIN" />
38-->src\main\AndroidManifest.xml:31:17-69
38-->src\main\AndroidManifest.xml:31:25-66
39
40                <category android:name="android.intent.category.LAUNCHER" />
40-->src\main\AndroidManifest.xml:33:17-77
40-->src\main\AndroidManifest.xml:33:27-74
41            </intent-filter>
42        </activity>
43
44        <provider
44-->src\main\AndroidManifest.xml:36:9-44:20
45            android:name="androidx.core.content.FileProvider"
45-->src\main\AndroidManifest.xml:37:13-62
46            android:authorities="it.polito.mad.group08.carpooling"
46-->src\main\AndroidManifest.xml:38:13-67
47            android:exported="false"
47-->src\main\AndroidManifest.xml:39:13-37
48            android:grantUriPermissions="true" >
48-->src\main\AndroidManifest.xml:40:13-47
49            <meta-data
49-->src\main\AndroidManifest.xml:41:13-43:54
50                android:name="android.support.FILE_PROVIDER_PATHS"
50-->src\main\AndroidManifest.xml:42:17-67
51                android:resource="@xml/file_paths" />
51-->src\main\AndroidManifest.xml:43:17-51
52        </provider>
53    </application>
54
55</manifest>